<?xml version="1.0" encoding="UTF-8"?>
<!-- Generated by org.testng.reporters.JUnitReportReporter -->
<testsuite hostname="SmitaMahajan" failures="0" tests="1" name="testPackage.DeleteAllTestCase" time="4.492" errors="0" timestamp="2024-01-06T14:45:55 IST" skipped="0">
  <testcase classname="testPackage.DeleteAllTestCase" name="deleteMethod" time="4.492"/>
  <system-out>
    <![CDATA[onTestStart
onTestSuccess]]>
  </system-out>
</testsuite> <!-- testPackage.DeleteAllTestCase -->
