<?xml version="1.0" encoding="UTF-8"?>
<!-- Generated by org.testng.reporters.JUnitReportReporter -->
<testsuite hostname="SmitaMahajan" failures="0" tests="1" name="testPackage.CreateNewUsersTestCase" time="6.517" errors="0" timestamp="2024-01-06T14:45:55 IST" skipped="0">
  <testcase classname="testPackage.CreateNewUsersTestCase" name="createValidNewUsersMethod" time="6.517"/>
  <system-out>
    <![CDATA[onTestStart
onTestSuccess]]>
  </system-out>
</testsuite> <!-- testPackage.CreateNewUsersTestCase -->
