<?xml version="1.0" encoding="UTF-8"?>
<!-- Generated by org.testng.reporters.JUnitReportReporter -->
<testsuite hostname="SmitaMahajan" failures="0" tests="1" name="testPackage.ValidLoginTestCase" time="3.820" errors="0" timestamp="2024-01-06T14:45:55 IST" skipped="0">
  <testcase classname="testPackage.ValidLoginTestCase" name="validLoginMethod" time="3.820"/>
  <system-out>
    <![CDATA[onTestStart
onTestSuccess]]>
  </system-out>
</testsuite> <!-- testPackage.ValidLoginTestCase -->
